0 info it worked if it ends with ok
1 verbose cli [ '/Users/twobin/.nvm/versions/node/v5.1.0/bin/node',
1 verbose cli   '/Users/twobin/.nvm/versions/node/v5.1.0/bin/npm',
1 verbose cli   'run',
1 verbose cli   'demo' ]
2 info using npm@3.3.12
3 info using node@v5.1.0
4 verbose run-script [ 'predemo', 'demo', 'postdemo' ]
5 info lifecycle remaps@0.0.1~predemo: remaps@0.0.1
6 silly lifecycle remaps@0.0.1~predemo: no script for predemo, continuing
7 info lifecycle remaps@0.0.1~demo: remaps@0.0.1
8 verbose lifecycle remaps@0.0.1~demo: unsafe-perm in lifecycle true
9 verbose lifecycle remaps@0.0.1~demo: PATH: /Users/twobin/.nvm/versions/node/v5.1.0/lib/node_modules/npm/bin/node-gyp-bin:/Users/twobin/alidata/remaps/node_modules/.bin:/Users/twobin/.nvm/versions/node/v5.1.0/bin:/usr/local/bin:/usr/bin:/bin:/usr/sbin:/sbin:/usr/local/git/bin
10 verbose lifecycle remaps@0.0.1~demo: CWD: /Users/twobin/alidata/remaps
11 silly lifecycle remaps@0.0.1~demo: Args: [ '-c',
11 silly lifecycle   'webpack-dev-server --progress --port 3000  --colors --content-base demo --hot --inline --config demo/webpack.config.js' ]
12 info lifecycle remaps@0.0.1~demo: Failed to exec demo script
13 verbose stack Error: remaps@0.0.1 demo: `webpack-dev-server --progress --port 3000  --colors --content-base demo --hot --inline --config demo/webpack.config.js`
13 verbose stack spawn ENOENT
13 verbose stack     at ChildProcess.<anonymous> (/Users/twobin/.nvm/versions/node/v5.1.0/lib/node_modules/npm/lib/utils/spawn.js:17:16)
13 verbose stack     at emitTwo (events.js:87:13)
13 verbose stack     at ChildProcess.emit (events.js:172:7)
13 verbose stack     at maybeClose (internal/child_process.js:818:16)
13 verbose stack     at Process.ChildProcess._handle.onexit (internal/child_process.js:211:5)
14 verbose pkgid remaps@0.0.1
15 verbose cwd /Users/twobin/alidata/remaps
16 error Darwin 15.0.0
17 error argv "/Users/twobin/.nvm/versions/node/v5.1.0/bin/node" "/Users/twobin/.nvm/versions/node/v5.1.0/bin/npm" "run" "demo"
18 error node v5.1.0
19 error npm  v3.3.12
20 error file sh
21 error code ELIFECYCLE
22 error errno ENOENT
23 error syscall spawn
24 error remaps@0.0.1 demo: `webpack-dev-server --progress --port 3000  --colors --content-base demo --hot --inline --config demo/webpack.config.js`
24 error spawn ENOENT
25 error Failed at the remaps@0.0.1 demo script 'webpack-dev-server --progress --port 3000  --colors --content-base demo --hot --inline --config demo/webpack.config.js'.
25 error Make sure you have the latest version of node.js and npm installed.
25 error If you do, this is most likely a problem with the remaps package,
25 error not with npm itself.
25 error Tell the author that this fails on your system:
25 error     webpack-dev-server --progress --port 3000  --colors --content-base demo --hot --inline --config demo/webpack.config.js
25 error You can get their info via:
25 error     npm owner ls remaps
25 error There is likely additional logging output above.
26 verbose exit [ 1, true ]
